[07-Apr-2025 13:59:41 Europe/Berlin] Starting forgot-password.php
[07-Apr-2025 13:59:41 Europe/Berlin] Database connected
[07-Apr-2025 13:59:41 Europe/Berlin] Email check completed
[07-Apr-2025 13:59:41 Europe/Berlin] Token Error: Prepare update failed: Unknown column 'reset_token' in 'field list'
[07-Apr-2025 14:01:59 Europe/Berlin] Starting forgot-password.php
[07-Apr-2025 14:01:59 Europe/Berlin] Database connected
[07-Apr-2025 14:01:59 Europe/Berlin] Email check completed
[07-Apr-2025 14:01:59 Europe/Berlin] Token updated
[07-Apr-2025 14:02:03 Europe/Berlin] Email sent successfully
[14-Apr-2025 07:05:01 Europe/Berlin] Starting forgot-password.php
[14-Apr-2025 07:05:02 Europe/Berlin] Database connected
[14-Apr-2025 07:05:02 Europe/Berlin] Email check completed
[14-Apr-2025 07:06:32 Europe/Berlin] Starting forgot-password.php
[14-Apr-2025 07:06:32 Europe/Berlin] Database connected
[14-Apr-2025 07:06:32 Europe/Berlin] Email check completed
[14-Apr-2025 07:16:05 Europe/Berlin] Starting forgot-password.php
[14-Apr-2025 07:16:05 Europe/Berlin] Database connected
[14-Apr-2025 07:16:05 Europe/Berlin] Users table email check completed
[14-Apr-2025 07:16:05 Europe/Berlin] Inserted new password_reset for email: dudhwalekaran@gmail.com
[14-Apr-2025 07:16:05 Europe/Berlin] PHPMailer Debug [2]: SERVER -> CLIENT: 220 smtp.gmail.com ESMTP d9443c01a7336-22ac7b90d99sm90840025ad.99 - gsmtp

[14-Apr-2025 07:16:05 Europe/Berlin] PHPMailer Debug [1]: CLIENT -> SERVER: EHLO localhost

[14-Apr-2025 07:16:05 Europe/Berlin] PHPMailer Debug [2]: SERVER -> CLIENT: 250-smtp.gmail.com at your service, [103.21.124.79]
250-SIZE 35882577
250-8BITMIME
250-STARTTLS
250-ENHANCEDSTATUSCODES
250-PIPELINING
250-CHUNKING
250 SMTPUTF8

[14-Apr-2025 07:16:05 Europe/Berlin] PHPMailer Debug [1]: CLIENT -> SERVER: STARTTLS

[14-Apr-2025 07:16:06 Europe/Berlin] PHPMailer Debug [2]: SERVER -> CLIENT: 220 2.0.0 Ready to start TLS

[14-Apr-2025 07:16:06 Europe/Berlin] PHPMailer Debug [1]: CLIENT -> SERVER: EHLO localhost

[14-Apr-2025 07:16:06 Europe/Berlin] PHPMailer Debug [2]: SERVER -> CLIENT: 250-smtp.gmail.com at your service, [103.21.124.79]
250-SIZE 35882577
250-8BITMIME
250-AUTH LOGIN PLAIN XOAUTH2 PLAIN-CLIENTTOKEN OAUTHBEARER XOAUTH
250-ENHANCEDSTATUSCODES
250-PIPELINING
250-CHUNKING
250 SMTPUTF8

[14-Apr-2025 07:16:06 Europe/Berlin] PHPMailer Debug [1]: CLIENT -> SERVER: AUTH LOGIN

[14-Apr-2025 07:16:06 Europe/Berlin] PHPMailer Debug [2]: SERVER -> CLIENT: 334 VXNlcm5hbWU6

[14-Apr-2025 07:16:06 Europe/Berlin] PHPMailer Debug [1]: CLIENT -> SERVER: [credentials hidden]
[14-Apr-2025 07:16:06 Europe/Berlin] PHPMailer Debug [2]: SERVER -> CLIENT: 334 UGFzc3dvcmQ6

[14-Apr-2025 07:16:06 Europe/Berlin] PHPMailer Debug [1]: CLIENT -> SERVER: [credentials hidden]
[14-Apr-2025 07:16:07 Europe/Berlin] PHPMailer Debug [2]: SERVER -> CLIENT: 235 2.7.0 Accepted

[14-Apr-2025 07:16:07 Europe/Berlin] PHPMailer Debug [1]: CLIENT -> SERVER: MAIL FROM:<dudhwalekaran@gmail.com>

[14-Apr-2025 07:16:07 Europe/Berlin] PHPMailer Debug [2]: SERVER -> CLIENT: 250 2.1.0 OK d9443c01a7336-22ac7b90d99sm90840025ad.99 - gsmtp

[14-Apr-2025 07:16:07 Europe/Berlin] PHPMailer Debug [1]: CLIENT -> SERVER: RCPT TO:<dudhwalekaran@gmail.com>

[14-Apr-2025 07:16:07 Europe/Berlin] PHPMailer Debug [2]: SERVER -> CLIENT: 250 2.1.5 OK d9443c01a7336-22ac7b90d99sm90840025ad.99 - gsmtp

[14-Apr-2025 07:16:07 Europe/Berlin] PHPMailer Debug [1]: CLIENT -> SERVER: DATA

[14-Apr-2025 07:16:08 Europe/Berlin] PHPMailer Debug [2]: SERVER -> CLIENT: 354 Go ahead d9443c01a7336-22ac7b90d99sm90840025ad.99 - gsmtp

[14-Apr-2025 07:16:08 Europe/Berlin] PHPMailer Debug [1]: CLIENT -> SERVER: Date: Mon, 14 Apr 2025 07:16:05 +0200

[14-Apr-2025 07:16:08 Europe/Berlin] PHPMailer Debug [1]: CLIENT -> SERVER: To: dudhwalekaran@gmail.com

[14-Apr-2025 07:16:08 Europe/Berlin] PHPMailer Debug [1]: CLIENT -> SERVER: From: PSLAB <dudhwalekaran@gmail.com>

[14-Apr-2025 07:16:08 Europe/Berlin] PHPMailer Debug [1]: CLIENT -> SERVER: Subject: Reset Your Password

[14-Apr-2025 07:16:08 Europe/Berlin] PHPMailer Debug [1]: CLIENT -> SERVER: Message-ID: <s2fXasL9nGdTZkr8RIo2X2Xv2oKYWE2FiicgKjOPQ@localhost>

[14-Apr-2025 07:16:08 Europe/Berlin] PHPMailer Debug [1]: CLIENT -> SERVER: X-Mailer: PHPMailer 6.9.3 (https://github.com/PHPMailer/PHPMailer)

[14-Apr-2025 07:16:08 Europe/Berlin] PHPMailer Debug [1]: CLIENT -> SERVER: MIME-Version: 1.0

[14-Apr-2025 07:16:08 Europe/Berlin] PHPMailer Debug [1]: CLIENT -> SERVER: Content-Type: text/html; charset=iso-8859-1

[14-Apr-2025 07:16:08 Europe/Berlin] PHPMailer Debug [1]: CLIENT -> SERVER: 

[14-Apr-2025 07:16:08 Europe/Berlin] PHPMailer Debug [1]: CLIENT -> SERVER: Click <a href='http://localhost/pslab_static/reset-password.html?token=3a2c60a18204d531ab1c259856225c7b2ce109a1a8906f2dfcd95e8fc9e07297'>here</a> to reset your password. This link expires in 1 hour.

[14-Apr-2025 07:16:08 Europe/Berlin] PHPMailer Debug [1]: CLIENT -> SERVER: 

[14-Apr-2025 07:16:08 Europe/Berlin] PHPMailer Debug [1]: CLIENT -> SERVER: .

[14-Apr-2025 07:16:08 Europe/Berlin] PHPMailer Debug [2]: SERVER -> CLIENT: 250 2.0.0 OK  1744607769 d9443c01a7336-22ac7b90d99sm90840025ad.99 - gsmtp

[14-Apr-2025 07:16:08 Europe/Berlin] PHPMailer Debug [1]: CLIENT -> SERVER: QUIT

[14-Apr-2025 07:16:08 Europe/Berlin] PHPMailer Debug [2]: SERVER -> CLIENT: 221 2.0.0 closing connection d9443c01a7336-22ac7b90d99sm90840025ad.99 - gsmtp

[14-Apr-2025 07:16:08 Europe/Berlin] Email sent successfully to: dudhwalekaran@gmail.com
[14-Apr-2025 07:17:17 Europe/Berlin] Starting reset-password.php
[14-Apr-2025 07:17:17 Europe/Berlin] Password reset successful for email: dudhwalekaran@gmail.com
